<?xml version="1.0" encoding="UTF-8"?>
<testsuite name="com.acme.mytrader.strategy.TradingStrategyTest" tests="1" skipped="0" failures="0" errors="0" timestamp="2020-06-17T02:10:30" hostname="surya" time="0.002">
  <properties/>
  <testcase name="testNothing" classname="com.acme.mytrader.strategy.TradingStrategyTest" time="0.002"/>
  <system-out><![CDATA[]]></system-out>
  <system-err><![CDATA[]]></system-err>
</testsuite>
